<?xml version="1.0" encoding="UTF-8"?>
<testsuite xmlns:xsi="http://www.w3.org/2001/XMLSchema-instance" xsi:noNamespaceSchemaLocation="https://maven.apache.org/surefire/maven-surefire-plugin/xsd/surefire-test-report-3.0.xsd" version="3.0" name="com.Flowmono.FullRunTest" time="106.135" tests="1" errors="0" skipped="0" failures="1">
  <properties>
    <property name="java.specification.version" value="22"/>
    <property name="webdriver.chrome.driver" value="C:\Users\HP\Downloads\chromedriver-win64\chromedriver.exe"/>
    <property name="sun.cpu.isalist" value="amd64"/>
    <property name="sun.jnu.encoding" value="Cp1252"/>
    <property name="java.class.path" value="C:\Users\HP\eclipse-workspace1\FullRun\target\test-classes;C:\Users\HP\eclipse-workspace1\FullRun\target\classes;C:\Users\HP\.m2\repository\org\testng\testng\7.10.2\testng-7.10.2.jar;C:\Users\HP\.m2\repository\org\slf4j\slf4j-api\1.7.36\slf4j-api-1.7.36.jar;C:\Users\HP\.m2\repository\com\beust\jcommander\1.82\jcommander-1.82.jar;C:\Users\HP\.m2\repository\org\webjars\jquery\3.7.1\jquery-3.7.1.jar;C:\Users\HP\.m2\repository\org\seleniumhq\selenium\selenium-java\4.25.0\selenium-java-4.25.0.jar;C:\Users\HP\.m2\repository\org\seleniumhq\selenium\selenium-api\4.25.0\selenium-api-4.25.0.jar;C:\Users\HP\.m2\repository\org\jspecify\jspecify\1.0.0\jspecify-1.0.0.jar;C:\Users\HP\.m2\repository\org\seleniumhq\selenium\selenium-chrome-driver\4.25.0\selenium-chrome-driver-4.25.0.jar;C:\Users\HP\.m2\repository\com\google\auto\service\auto-service-annotations\1.1.1\auto-service-annotations-1.1.1.jar;C:\Users\HP\.m2\repository\org\seleniumhq\selenium\selenium-chromium-driver\4.25.0\selenium-chromium-driver-4.25.0.jar;C:\Users\HP\.m2\repository\org\seleniumhq\selenium\selenium-json\4.25.0\selenium-json-4.25.0.jar;C:\Users\HP\.m2\repository\org\seleniumhq\selenium\selenium-manager\4.25.0\selenium-manager-4.25.0.jar;C:\Users\HP\.m2\repository\org\seleniumhq\selenium\selenium-devtools-v127\4.25.0\selenium-devtools-v127-4.25.0.jar;C:\Users\HP\.m2\repository\org\seleniumhq\selenium\selenium-devtools-v128\4.25.0\selenium-devtools-v128-4.25.0.jar;C:\Users\HP\.m2\repository\org\seleniumhq\selenium\selenium-devtools-v129\4.25.0\selenium-devtools-v129-4.25.0.jar;C:\Users\HP\.m2\repository\org\seleniumhq\selenium\selenium-devtools-v85\4.25.0\selenium-devtools-v85-4.25.0.jar;C:\Users\HP\.m2\repository\org\seleniumhq\selenium\selenium-edge-driver\4.25.0\selenium-edge-driver-4.25.0.jar;C:\Users\HP\.m2\repository\org\seleniumhq\selenium\selenium-firefox-driver\4.25.0\selenium-firefox-driver-4.25.0.jar;C:\Users\HP\.m2\repository\org\seleniumhq\selenium\selenium-http\4.25.0\selenium-http-4.25.0.jar;C:\Users\HP\.m2\repository\dev\failsafe\failsafe\3.3.2\failsafe-3.3.2.jar;C:\Users\HP\.m2\repository\org\seleniumhq\selenium\selenium-ie-driver\4.25.0\selenium-ie-driver-4.25.0.jar;C:\Users\HP\.m2\repository\org\seleniumhq\selenium\selenium-remote-driver\4.25.0\selenium-remote-driver-4.25.0.jar;C:\Users\HP\.m2\repository\com\google\guava\guava\33.3.0-jre\guava-33.3.0-jre.jar;C:\Users\HP\.m2\repository\com\google\guava\failureaccess\1.0.2\failureaccess-1.0.2.jar;C:\Users\HP\.m2\repository\com\google\guava\listenablefuture\9999.0-empty-to-avoid-conflict-with-guava\listenablefuture-9999.0-empty-to-avoid-conflict-with-guava.jar;C:\Users\HP\.m2\repository\com\google\code\findbugs\jsr305\3.0.2\jsr305-3.0.2.jar;C:\Users\HP\.m2\repository\org\checkerframework\checker-qual\3.43.0\checker-qual-3.43.0.jar;C:\Users\HP\.m2\repository\com\google\errorprone\error_prone_annotations\2.28.0\error_prone_annotations-2.28.0.jar;C:\Users\HP\.m2\repository\com\google\j2objc\j2objc-annotations\3.0.0\j2objc-annotations-3.0.0.jar;C:\Users\HP\.m2\repository\io\opentelemetry\semconv\opentelemetry-semconv\1.25.0-alpha\opentelemetry-semconv-1.25.0-alpha.jar;C:\Users\HP\.m2\repository\io\opentelemetry\opentelemetry-api\1.42.1\opentelemetry-api-1.42.1.jar;C:\Users\HP\.m2\repository\io\opentelemetry\opentelemetry-context\1.42.1\opentelemetry-context-1.42.1.jar;C:\Users\HP\.m2\repository\io\opentelemetry\opentelemetry-exporter-logging\1.42.1\opentelemetry-exporter-logging-1.42.1.jar;C:\Users\HP\.m2\repository\io\opentelemetry\opentelemetry-sdk-common\1.42.1\opentelemetry-sdk-common-1.42.1.jar;C:\Users\HP\.m2\repository\io\opentelemetry\opentelemetry-sdk-extension-autoconfigure-spi\1.42.1\opentelemetry-sdk-extension-autoconfigure-spi-1.42.1.jar;C:\Users\HP\.m2\repository\io\opentelemetry\opentelemetry-sdk-extension-autoconfigure\1.42.1\opentelemetry-sdk-extension-autoconfigure-1.42.1.jar;C:\Users\HP\.m2\repository\io\opentelemetry\opentelemetry-api-incubator\1.42.1-alpha\opentelemetry-api-incubator-1.42.1-alpha.jar;C:\Users\HP\.m2\repository\io\opentelemetry\opentelemetry-sdk-trace\1.42.1\opentelemetry-sdk-trace-1.42.1.jar;C:\Users\HP\.m2\repository\io\opentelemetry\opentelemetry-sdk\1.42.1\opentelemetry-sdk-1.42.1.jar;C:\Users\HP\.m2\repository\io\opentelemetry\opentelemetry-sdk-metrics\1.42.1\opentelemetry-sdk-metrics-1.42.1.jar;C:\Users\HP\.m2\repository\io\opentelemetry\opentelemetry-sdk-logs\1.42.1\opentelemetry-sdk-logs-1.42.1.jar;C:\Users\HP\.m2\repository\net\bytebuddy\byte-buddy\1.15.1\byte-buddy-1.15.1.jar;C:\Users\HP\.m2\repository\org\seleniumhq\selenium\selenium-os\4.25.0\selenium-os-4.25.0.jar;C:\Users\HP\.m2\repository\org\apache\commons\commons-exec\1.4.0\commons-exec-1.4.0.jar;C:\Users\HP\.m2\repository\org\seleniumhq\selenium\selenium-safari-driver\4.25.0\selenium-safari-driver-4.25.0.jar;C:\Users\HP\.m2\repository\org\seleniumhq\selenium\selenium-support\4.25.0\selenium-support-4.25.0.jar;C:\Users\HP\.m2\repository\ch\qos\logback\logback-classic\1.2.3\logback-classic-1.2.3.jar;C:\Users\HP\.m2\repository\ch\qos\logback\logback-core\1.2.3\logback-core-1.2.3.jar;C:\Users\HP\.m2\repository\org\apache\maven\plugins\maven-resources-plugin\4.0.0-beta-1\maven-resources-plugin-4.0.0-beta-1.jar;C:\Users\HP\.m2\repository\org\apache\maven\shared\maven-filtering\4.0.0-beta-1\maven-filtering-4.0.0-beta-1.jar;C:\Users\HP\.m2\repository\org\apache\maven\maven-api-core\4.0.0-beta-3\maven-api-core-4.0.0-beta-3.jar;C:\Users\HP\.m2\repository\org\apache\maven\maven-api-toolchain\4.0.0-beta-3\maven-api-toolchain-4.0.0-beta-3.jar;C:\Users\HP\.m2\repository\org\apache\maven\maven-api-plugin\4.0.0-beta-3\maven-api-plugin-4.0.0-beta-3.jar;C:\Users\HP\.m2\repository\org\apache\maven\maven-api-xml\4.0.0-beta-3\maven-api-xml-4.0.0-beta-3.jar;C:\Users\HP\.m2\repository\org\apache\maven\maven-api-di\4.0.0-beta-3\maven-api-di-4.0.0-beta-3.jar;C:\Users\HP\.m2\repository\org\apache\maven\maven-api-model\4.0.0-beta-3\maven-api-model-4.0.0-beta-3.jar;C:\Users\HP\.m2\repository\org\apache\maven\maven-api-meta\4.0.0-beta-3\maven-api-meta-4.0.0-beta-3.jar;C:\Users\HP\.m2\repository\org\apache\maven\maven-api-settings\4.0.0-beta-3\maven-api-settings-4.0.0-beta-3.jar;C:\Users\HP\.m2\repository\org\codehaus\plexus\plexus-utils\4.0.1\plexus-utils-4.0.1.jar;C:\Users\HP\.m2\repository\org\codehaus\plexus\plexus-interpolation\1.27\plexus-interpolation-1.27.jar;C:\Users\HP\.m2\repository\org\sonatype\plexus\plexus-build-api\0.0.7\plexus-build-api-0.0.7.jar;C:\Users\HP\.m2\repository\org\apache\maven\plugin-tools\maven-plugin-annotations\4.0.0-beta-1\maven-plugin-annotations-4.0.0-beta-1.jar;C:\Users\HP\.m2\repository\org\apache\logging\log4j\log4j-core\3.0.0-beta2\log4j-core-3.0.0-beta2.jar;C:\Users\HP\.m2\repository\org\apache\logging\log4j\log4j-plugins\3.0.0-beta2\log4j-plugins-3.0.0-beta2.jar;C:\Users\HP\.m2\repository\org\apache\logging\log4j\log4j-api\3.0.0-beta2\log4j-api-3.0.0-beta2.jar;"/>
    <property name="java.vm.vendor" value="Oracle Corporation"/>
    <property name="sun.arch.data.model" value="64"/>
    <property name="user.variant" value=""/>
    <property name="java.vendor.url" value="https://java.oracle.com/"/>
    <property name="user.timezone" value="Africa/Lagos"/>
    <property name="os.name" value="Windows 10"/>
    <property name="java.vm.specification.version" value="22"/>
    <property name="sun.java.launcher" value="SUN_STANDARD"/>
    <property name="user.country" value="US"/>
    <property name="sun.boot.library.path" value="C:\Program Files\Java\jdk-22\bin"/>
    <property name="sun.java.command" value="C:\Users\HP\AppData\Local\Temp\surefire11828302533559449146\surefirebooter14885644980759781149.jar C:\Users\HP\AppData\Local\Temp\surefire11828302533559449146 2024-10-11T00-45-25_168-jvmRun1 surefire5149785537440435833tmp surefire_012487989475152560673tmp"/>
    <property name="jdk.debug" value="release"/>
    <property name="surefire.test.class.path" value="C:\Users\HP\eclipse-workspace1\FullRun\target\test-classes;C:\Users\HP\eclipse-workspace1\FullRun\target\classes;C:\Users\HP\.m2\repository\org\testng\testng\7.10.2\testng-7.10.2.jar;C:\Users\HP\.m2\repository\org\slf4j\slf4j-api\1.7.36\slf4j-api-1.7.36.jar;C:\Users\HP\.m2\repository\com\beust\jcommander\1.82\jcommander-1.82.jar;C:\Users\HP\.m2\repository\org\webjars\jquery\3.7.1\jquery-3.7.1.jar;C:\Users\HP\.m2\repository\org\seleniumhq\selenium\selenium-java\4.25.0\selenium-java-4.25.0.jar;C:\Users\HP\.m2\repository\org\seleniumhq\selenium\selenium-api\4.25.0\selenium-api-4.25.0.jar;C:\Users\HP\.m2\repository\org\jspecify\jspecify\1.0.0\jspecify-1.0.0.jar;C:\Users\HP\.m2\repository\org\seleniumhq\selenium\selenium-chrome-driver\4.25.0\selenium-chrome-driver-4.25.0.jar;C:\Users\HP\.m2\repository\com\google\auto\service\auto-service-annotations\1.1.1\auto-service-annotations-1.1.1.jar;C:\Users\HP\.m2\repository\org\seleniumhq\selenium\selenium-chromium-driver\4.25.0\selenium-chromium-driver-4.25.0.jar;C:\Users\HP\.m2\repository\org\seleniumhq\selenium\selenium-json\4.25.0\selenium-json-4.25.0.jar;C:\Users\HP\.m2\repository\org\seleniumhq\selenium\selenium-manager\4.25.0\selenium-manager-4.25.0.jar;C:\Users\HP\.m2\repository\org\seleniumhq\selenium\selenium-devtools-v127\4.25.0\selenium-devtools-v127-4.25.0.jar;C:\Users\HP\.m2\repository\org\seleniumhq\selenium\selenium-devtools-v128\4.25.0\selenium-devtools-v128-4.25.0.jar;C:\Users\HP\.m2\repository\org\seleniumhq\selenium\selenium-devtools-v129\4.25.0\selenium-devtools-v129-4.25.0.jar;C:\Users\HP\.m2\repository\org\seleniumhq\selenium\selenium-devtools-v85\4.25.0\selenium-devtools-v85-4.25.0.jar;C:\Users\HP\.m2\repository\org\seleniumhq\selenium\selenium-edge-driver\4.25.0\selenium-edge-driver-4.25.0.jar;C:\Users\HP\.m2\repository\org\seleniumhq\selenium\selenium-firefox-driver\4.25.0\selenium-firefox-driver-4.25.0.jar;C:\Users\HP\.m2\repository\org\seleniumhq\selenium\selenium-http\4.25.0\selenium-http-4.25.0.jar;C:\Users\HP\.m2\repository\dev\failsafe\failsafe\3.3.2\failsafe-3.3.2.jar;C:\Users\HP\.m2\repository\org\seleniumhq\selenium\selenium-ie-driver\4.25.0\selenium-ie-driver-4.25.0.jar;C:\Users\HP\.m2\repository\org\seleniumhq\selenium\selenium-remote-driver\4.25.0\selenium-remote-driver-4.25.0.jar;C:\Users\HP\.m2\repository\com\google\guava\guava\33.3.0-jre\guava-33.3.0-jre.jar;C:\Users\HP\.m2\repository\com\google\guava\failureaccess\1.0.2\failureaccess-1.0.2.jar;C:\Users\HP\.m2\repository\com\google\guava\listenablefuture\9999.0-empty-to-avoid-conflict-with-guava\listenablefuture-9999.0-empty-to-avoid-conflict-with-guava.jar;C:\Users\HP\.m2\repository\com\google\code\findbugs\jsr305\3.0.2\jsr305-3.0.2.jar;C:\Users\HP\.m2\repository\org\checkerframework\checker-qual\3.43.0\checker-qual-3.43.0.jar;C:\Users\HP\.m2\repository\com\google\errorprone\error_prone_annotations\2.28.0\error_prone_annotations-2.28.0.jar;C:\Users\HP\.m2\repository\com\google\j2objc\j2objc-annotations\3.0.0\j2objc-annotations-3.0.0.jar;C:\Users\HP\.m2\repository\io\opentelemetry\semconv\opentelemetry-semconv\1.25.0-alpha\opentelemetry-semconv-1.25.0-alpha.jar;C:\Users\HP\.m2\repository\io\opentelemetry\opentelemetry-api\1.42.1\opentelemetry-api-1.42.1.jar;C:\Users\HP\.m2\repository\io\opentelemetry\opentelemetry-context\1.42.1\opentelemetry-context-1.42.1.jar;C:\Users\HP\.m2\repository\io\opentelemetry\opentelemetry-exporter-logging\1.42.1\opentelemetry-exporter-logging-1.42.1.jar;C:\Users\HP\.m2\repository\io\opentelemetry\opentelemetry-sdk-common\1.42.1\opentelemetry-sdk-common-1.42.1.jar;C:\Users\HP\.m2\repository\io\opentelemetry\opentelemetry-sdk-extension-autoconfigure-spi\1.42.1\opentelemetry-sdk-extension-autoconfigure-spi-1.42.1.jar;C:\Users\HP\.m2\repository\io\opentelemetry\opentelemetry-sdk-extension-autoconfigure\1.42.1\opentelemetry-sdk-extension-autoconfigure-1.42.1.jar;C:\Users\HP\.m2\repository\io\opentelemetry\opentelemetry-api-incubator\1.42.1-alpha\opentelemetry-api-incubator-1.42.1-alpha.jar;C:\Users\HP\.m2\repository\io\opentelemetry\opentelemetry-sdk-trace\1.42.1\opentelemetry-sdk-trace-1.42.1.jar;C:\Users\HP\.m2\repository\io\opentelemetry\opentelemetry-sdk\1.42.1\opentelemetry-sdk-1.42.1.jar;C:\Users\HP\.m2\repository\io\opentelemetry\opentelemetry-sdk-metrics\1.42.1\opentelemetry-sdk-metrics-1.42.1.jar;C:\Users\HP\.m2\repository\io\opentelemetry\opentelemetry-sdk-logs\1.42.1\opentelemetry-sdk-logs-1.42.1.jar;C:\Users\HP\.m2\repository\net\bytebuddy\byte-buddy\1.15.1\byte-buddy-1.15.1.jar;C:\Users\HP\.m2\repository\org\seleniumhq\selenium\selenium-os\4.25.0\selenium-os-4.25.0.jar;C:\Users\HP\.m2\repository\org\apache\commons\commons-exec\1.4.0\commons-exec-1.4.0.jar;C:\Users\HP\.m2\repository\org\seleniumhq\selenium\selenium-safari-driver\4.25.0\selenium-safari-driver-4.25.0.jar;C:\Users\HP\.m2\repository\org\seleniumhq\selenium\selenium-support\4.25.0\selenium-support-4.25.0.jar;C:\Users\HP\.m2\repository\ch\qos\logback\logback-classic\1.2.3\logback-classic-1.2.3.jar;C:\Users\HP\.m2\repository\ch\qos\logback\logback-core\1.2.3\logback-core-1.2.3.jar;C:\Users\HP\.m2\repository\org\apache\maven\plugins\maven-resources-plugin\4.0.0-beta-1\maven-resources-plugin-4.0.0-beta-1.jar;C:\Users\HP\.m2\repository\org\apache\maven\shared\maven-filtering\4.0.0-beta-1\maven-filtering-4.0.0-beta-1.jar;C:\Users\HP\.m2\repository\org\apache\maven\maven-api-core\4.0.0-beta-3\maven-api-core-4.0.0-beta-3.jar;C:\Users\HP\.m2\repository\org\apache\maven\maven-api-toolchain\4.0.0-beta-3\maven-api-toolchain-4.0.0-beta-3.jar;C:\Users\HP\.m2\repository\org\apache\maven\maven-api-plugin\4.0.0-beta-3\maven-api-plugin-4.0.0-beta-3.jar;C:\Users\HP\.m2\repository\org\apache\maven\maven-api-xml\4.0.0-beta-3\maven-api-xml-4.0.0-beta-3.jar;C:\Users\HP\.m2\repository\org\apache\maven\maven-api-di\4.0.0-beta-3\maven-api-di-4.0.0-beta-3.jar;C:\Users\HP\.m2\repository\org\apache\maven\maven-api-model\4.0.0-beta-3\maven-api-model-4.0.0-beta-3.jar;C:\Users\HP\.m2\repository\org\apache\maven\maven-api-meta\4.0.0-beta-3\maven-api-meta-4.0.0-beta-3.jar;C:\Users\HP\.m2\repository\org\apache\maven\maven-api-settings\4.0.0-beta-3\maven-api-settings-4.0.0-beta-3.jar;C:\Users\HP\.m2\repository\org\codehaus\plexus\plexus-utils\4.0.1\plexus-utils-4.0.1.jar;C:\Users\HP\.m2\repository\org\codehaus\plexus\plexus-interpolation\1.27\plexus-interpolation-1.27.jar;C:\Users\HP\.m2\repository\org\sonatype\plexus\plexus-build-api\0.0.7\plexus-build-api-0.0.7.jar;C:\Users\HP\.m2\repository\org\apache\maven\plugin-tools\maven-plugin-annotations\4.0.0-beta-1\maven-plugin-annotations-4.0.0-beta-1.jar;C:\Users\HP\.m2\repository\org\apache\logging\log4j\log4j-core\3.0.0-beta2\log4j-core-3.0.0-beta2.jar;C:\Users\HP\.m2\repository\org\apache\logging\log4j\log4j-plugins\3.0.0-beta2\log4j-plugins-3.0.0-beta2.jar;C:\Users\HP\.m2\repository\org\apache\logging\log4j\log4j-api\3.0.0-beta2\log4j-api-3.0.0-beta2.jar;"/>
    <property name="sun.cpu.endian" value="little"/>
    <property name="user.home" value="C:\Users\HP"/>
    <property name="user.language" value="en"/>
    <property name="java.specification.vendor" value="Oracle Corporation"/>
    <property name="java.version.date" value="2024-04-16"/>
    <property name="java.home" value="C:\Program Files\Java\jdk-22"/>
    <property name="file.separator" value="\"/>
    <property name="basedir" value="C:\Users\HP\eclipse-workspace1\FullRun"/>
    <property name="style.color" value="always"/>
    <property name="java.vm.compressedOopsMode" value="32-bit"/>
    <property name="line.separator" value="&#10;"/>
    <property name="java.vm.specification.vendor" value="Oracle Corporation"/>
    <property name="java.specification.name" value="Java Platform API Specification"/>
    <property name="surefire.real.class.path" value="C:\Users\HP\AppData\Local\Temp\surefire11828302533559449146\surefirebooter14885644980759781149.jar"/>
    <property name="user.script" value=""/>
    <property name="sun.management.compiler" value="HotSpot 64-Bit Tiered Compilers"/>
    <property name="java.runtime.version" value="22.0.1+8-16"/>
    <property name="user.name" value="HP"/>
    <property name="stdout.encoding" value="Cp1252"/>
    <property name="path.separator" value=";"/>
    <property name="os.version" value="10.0"/>
    <property name="java.runtime.name" value="Java(TM) SE Runtime Environment"/>
    <property name="file.encoding" value="UTF-8"/>
    <property name="java.vm.name" value="Java HotSpot(TM) 64-Bit Server VM"/>
    <property name="localRepository" value="C:\Users\HP\.m2\repository"/>
    <property name="java.vendor.url.bug" value="https://bugreport.java.com/bugreport/"/>
    <property name="java.io.tmpdir" value="C:\Users\HP\AppData\Local\Temp\"/>
    <property name="java.version" value="22.0.1"/>
    <property name="user.dir" value="C:\Users\HP\eclipse-workspace1\FullRun"/>
    <property name="os.arch" value="amd64"/>
    <property name="java.vm.specification.name" value="Java Virtual Machine Specification"/>
    <property name="sun.os.patch.level" value=""/>
    <property name="native.encoding" value="Cp1252"/>
    <property name="java.library.path" value="C:\Program Files\Java\jdk-22\bin;C:\Windows\Sun\Java\bin;C:\Windows\system32;C:\Windows;C:\Program Files\Common Files\Oracle\Java\javapath;C:\Program Files\PerkinElmerInformatics\ChemOffice2021\ChemScript\Lib;C:\Windows\system32;C:\Windows;C:\Windows\System32\Wbem;C:\Windows\System32\WindowsPowerShell\v1.0\;C:\Windows\System32\OpenSSH\;C:\Program Files (x86)\Microsoft SQL Server\150\DTS\Binn\;C:\Program Files\Microsoft SQL Server\Client SDK\ODBC\170\Tools\Binn\;C:\Program Files (x86)\Microsoft SQL Server\150\Tools\Binn\;C:\Program Files\Microsoft SQL Server\150\Tools\Binn\;C:\Program Files\Microsoft SQL Server\150\DTS\Binn\;C:\Program Files\dotnet\;C:\Users\HP\Desktop\chromedriver-win64;C:\Program Files\nodejs\;C:\Program Files\Java\jdk-22\bin;C:\Program Files\Maven\bin;C:\Program Files\PerkinElmerInformatics\ChemOffice2021\ChemScript\Lib;C:\Windows\system32;C:\Windows;C:\Windows\System32\Wbem;C:\Windows\System32\WindowsPowerShell\v1.0\;C:\Windows\System32\OpenSSH\;C:\Program Files (x86)\Microsoft SQL Server\150\DTS\Binn\;C:\Program Files\Azure Data Studio\bin;C:\Program Files\Microsoft SQL Server\Client SDK\ODBC\170\Tools\Binn\;C:\Program Files (x86)\Microsoft SQL Server\150\Tools\Binn\;C:\Program Files\Microsoft SQL Server\150\Tools\Binn\;C:\Program Files\Microsoft SQL Server\150\DTS\Binn\;C:\Program Files\dotnet\;C:\Users\HP\Desktop\chromedriver-win64;C:\Program Files\nodejs\;C:\Program Files\MySQL\MySQL Shell 8.0\bin\;C:\Users\HP\AppData\Local\Programs\Python\Python311\Scripts\;C:\Users\HP\AppData\Local\Programs\Python\Python311\;C:\Users\HP\AppData\Local\Programs\Python\Python310\Scripts\;C:\Users\HP\AppData\Local\Programs\Python\Python310\;C:\Users\HP\AppData\Local\Microsoft\WindowsApps;C:\Program Files\JetBrains\PyCharm Community Edition 2022.2.1\bin;C:\Users\HP\AppDa;C:\Users\HP\AppData\Local\Programs\Microsoft VS Code\bin;C:\Program Files\JetBrains\IntelliJ IDEA Community Edition 2024.1.4\bin;;."/>
    <property name="java.vm.info" value="mixed mode, sharing"/>
    <property name="stderr.encoding" value="Cp1252"/>
    <property name="java.vendor" value="Oracle Corporation"/>
    <property name="java.vm.version" value="22.0.1+8-16"/>
    <property name="sun.io.unicode.encoding" value="UnicodeLittle"/>
    <property name="java.class.version" value="66.0"/>
  </properties>
  <testcase name="TestURL" classname="com.Flowmono.FullRunTest" time="68.101">
    <failure message="Expected condition failed: waiting for visibility of element located by By.xpath: //*[@id=&quot;announcement-pop-up&quot;]/div/img (tried for 60 second(s) with 500 milliseconds interval)&#10;Build info: version: &apos;4.25.0&apos;, revision: &apos;8a8aea2337&apos;&#10;System info: os.name: &apos;Windows 10&apos;, os.arch: &apos;amd64&apos;, os.version: &apos;10.0&apos;, java.version: &apos;22.0.1&apos;&#10;Driver info: org.openqa.selenium.chrome.ChromeDriver&#10;Capabilities {acceptInsecureCerts: false, browserName: chrome, browserVersion: 129.0.6668.90, chrome: {chromedriverVersion: 129.0.6668.58 (81a06fb873a9..., userDataDir: C:\Users\HP\AppData\Local\T...}, fedcm:accounts: true, goog:chromeOptions: {debuggerAddress: localhost:63061}, networkConnectionEnabled: false, pageLoadStrategy: eager, platformName: windows, proxy: Proxy(), se:cdp: ws://localhost:63061/devtoo..., se:cdpVersion: 129.0.6668.90, setWindowRect: true, strictFileInteractability: false, timeouts: {implicit: 0, pageLoad: 300000, script: 30000}, unhandledPromptBehavior: dismiss and notify, webauthn:extension:credBlob: true, webauthn:extension:largeBlob: true, webauthn:extension:minPinLength: true, webauthn:extension:prf: true, webauthn:virtualAuthenticators: true}&#10;Session ID: 1be0066d8de6c1c545cf30260dfe0800" type="org.openqa.selenium.TimeoutException"><![CDATA[org.openqa.selenium.TimeoutException: 
Expected condition failed: waiting for visibility of element located by By.xpath: //*[@id="announcement-pop-up"]/div/img (tried for 60 second(s) with 500 milliseconds interval)
Build info: version: '4.25.0', revision: '8a8aea2337'
System info: os.name: 'Windows 10', os.arch: 'amd64', os.version: '10.0', java.version: '22.0.1'
Driver info: org.openqa.selenium.chrome.ChromeDriver
Capabilities {acceptInsecureCerts: false, browserName: chrome, browserVersion: 129.0.6668.90, chrome: {chromedriverVersion: 129.0.6668.58 (81a06fb873a9..., userDataDir: C:\Users\HP\AppData\Local\T...}, fedcm:accounts: true, goog:chromeOptions: {debuggerAddress: localhost:63061}, networkConnectionEnabled: false, pageLoadStrategy: eager, platformName: windows, proxy: Proxy(), se:cdp: ws://localhost:63061/devtoo..., se:cdpVersion: 129.0.6668.90, setWindowRect: true, strictFileInteractability: false, timeouts: {implicit: 0, pageLoad: 300000, script: 30000}, unhandledPromptBehavior: dismiss and notify, webauthn:extension:credBlob: true, webauthn:extension:largeBlob: true, webauthn:extension:minPinLength: true, webauthn:extension:prf: true, webauthn:virtualAuthenticators: true}
Session ID: 1be0066d8de6c1c545cf30260dfe0800
	at com.Flowmono.FullRunTest.TestURL(FullRunTest.java:42)
]]></failure>
  </testcase>
</testsuite>